<?xml version="1.0" encoding="UTF-8"?>
<testsuite name="com.rd.welcome.WelcomeToCSCPuneTest" tests="2" skipped="0" failures="0" errors="0" timestamp="2020-05-31T19:59:37" hostname="Diptaneals-MacBook-Pro.local" time="0.005">
  <properties/>
  <testcase name="unknownTeamTest()" classname="com.rd.welcome.WelcomeToCSCPuneTest" time="0.002"/>
  <testcase name="releaseDashboardTeamNameTest()" classname="com.rd.welcome.WelcomeToCSCPuneTest" time="0.001"/>
  <system-out><![CDATA[]]></system-out>
  <system-err><![CDATA[]]></system-err>
</testsuite>
