<?xml version="1.0" encoding="UTF-8"?>
<testsuite name="com.rd.welcome.ReleaseDashboardBatchGeneratorTest" tests="2" skipped="0" failures="0" errors="0" timestamp="2020-05-31T19:59:37" hostname="Diptaneals-MacBook-Pro.local" time="0.109">
  <properties/>
  <testcase name="getTeamNameTest()" classname="com.rd.welcome.ReleaseDashboardBatchGeneratorTest" time="0.027"/>
  <testcase name="generateBatchNoTest()" classname="com.rd.welcome.ReleaseDashboardBatchGeneratorTest" time="0.08"/>
  <system-out><![CDATA[]]></system-out>
  <system-err><![CDATA[]]></system-err>
</testsuite>
